<?xml version="1.0" encoding="UTF-8"?>
<coverage generated="1690554699341" clover="3.2.0">
  <project timestamp="1690554699342" name="All files">
    <metrics statements="253" coveredstatements="182" conditionals="88" coveredconditionals="55" methods="58" coveredmethods="40" elements="399" coveredelements="277" complexity="0" loc="253" ncloc="253" packages="2" files="6" classes="6"/>
    <package name="src">
      <metrics statements="200" coveredstatements="140" conditionals="78" coveredconditionals="52" methods="41" coveredmethods="30"/>
      <file name="App.jsx" path="C:\Users\aegor\Desktop\minesweeper\MineSweeperVITE\src\App.jsx">
        <metrics statements="200" coveredstatements="140" conditionals="78" coveredconditionals="52" methods="41" coveredmethods="30"/>
        <line num="1" count="1" type="stmt"/>
        <line num="2" count="1" type="stmt"/>
        <line num="5" count="1" type="stmt"/>
        <line num="6" count="1" type="stmt"/>
        <line num="7" count="1" type="stmt"/>
        <line num="8" count="1" type="stmt"/>
        <line num="9" count="1" type="stmt"/>
        <line num="11" count="1" type="stmt"/>
        <line num="12" count="1" type="stmt"/>
        <line num="13" count="1" type="stmt"/>
        <line num="14" count="1" type="stmt"/>
        <line num="18" count="34" type="stmt"/>
        <line num="19" count="34" type="stmt"/>
        <line num="21" count="34" type="stmt"/>
        <line num="22" count="34" type="stmt"/>
        <line num="23" count="34" type="stmt"/>
        <line num="24" count="10" type="stmt"/>
        <line num="25" count="10" type="stmt"/>
        <line num="26" count="10" type="stmt"/>
        <line num="27" count="10" type="stmt"/>
        <line num="31" count="0" type="cond" truecount="0" falsecount="1"/>
        <line num="32" count="0" type="stmt"/>
        <line num="33" count="0" type="stmt"/>
        <line num="34" count="0" type="stmt"/>
        <line num="36" count="0" type="cond" truecount="0" falsecount="1"/>
        <line num="37" count="0" type="stmt"/>
        <line num="38" count="0" type="stmt"/>
        <line num="39" count="0" type="stmt"/>
        <line num="41" count="0" type="cond" truecount="0" falsecount="1"/>
        <line num="42" count="0" type="stmt"/>
        <line num="43" count="0" type="stmt"/>
        <line num="44" count="0" type="stmt"/>
        <line num="46" count="0" type="cond" truecount="0" falsecount="1"/>
        <line num="47" count="0" type="stmt"/>
        <line num="48" count="0" type="stmt"/>
        <line num="49" count="0" type="stmt"/>
        <line num="52" count="0" type="stmt"/>
        <line num="56" count="0" type="stmt"/>
        <line num="57" count="0" type="stmt"/>
        <line num="58" count="0" type="cond" truecount="0" falsecount="4"/>
        <line num="61" count="0" type="stmt"/>
        <line num="65" count="100" type="stmt"/>
        <line num="72" count="10" type="stmt"/>
        <line num="76" count="1000" type="stmt"/>
        <line num="77" count="10" type="stmt"/>
        <line num="79" count="10" type="stmt"/>
        <line num="80" count="105" type="stmt"/>
        <line num="81" count="105" type="stmt"/>
        <line num="83" count="105" type="cond" truecount="1" falsecount="0"/>
        <line num="84" count="100" type="stmt"/>
        <line num="85" count="100" type="stmt"/>
        <line num="88" count="10" type="stmt"/>
        <line num="92" count="10" type="stmt"/>
        <line num="93" count="10" type="stmt"/>
        <line num="95" count="10" type="stmt"/>
        <line num="96" count="7200" type="cond" truecount="4" falsecount="0"/>
        <line num="98" count="10" type="stmt"/>
        <line num="99" count="900" type="stmt"/>
        <line num="100" count="900" type="stmt"/>
        <line num="101" count="2700" type="stmt"/>
        <line num="102" count="8100" type="cond" truecount="3" falsecount="0"/>
        <line num="103" count="7200" type="stmt"/>
        <line num="104" count="7200" type="stmt"/>
        <line num="105" count="7200" type="cond" truecount="3" falsecount="0"/>
        <line num="106" count="617" type="stmt"/>
        <line num="110" count="900" type="stmt"/>
        <line num="113" count="10" type="stmt"/>
        <line num="114" count="100" type="stmt"/>
        <line num="115" count="1000" type="cond" truecount="1" falsecount="0"/>
        <line num="116" count="900" type="stmt"/>
        <line num="121" count="10" type="stmt"/>
        <line num="125" count="0" type="stmt"/>
        <line num="126" count="0" type="stmt"/>
        <line num="127" count="0" type="stmt"/>
        <line num="128" count="0" type="stmt"/>
        <line num="130" count="0" type="stmt"/>
        <line num="131" count="0" type="stmt"/>
        <line num="132" count="0" type="stmt"/>
        <line num="133" count="0" type="stmt"/>
        <line num="134" count="0" type="stmt"/>
        <line num="137" count="34" type="stmt"/>
        <line num="138" count="4" type="stmt"/>
        <line num="140" count="4" type="cond" truecount="1" falsecount="1"/>
        <line num="141" count="0" type="stmt"/>
        <line num="142" count="0" type="stmt"/>
        <line num="144" count="0" type="stmt"/>
        <line num="145" count="0" type="stmt"/>
        <line num="146" count="0" type="stmt"/>
        <line num="148" count="4" type="stmt"/>
        <line num="149" count="4" type="cond" truecount="1" falsecount="0"/>
        <line num="150" count="3" type="stmt"/>
        <line num="152" count="1" type="stmt"/>
        <line num="156" count="34" type="stmt"/>
        <line num="157" count="12" type="stmt"/>
        <line num="158" count="12" type="stmt"/>
        <line num="159" count="12" type="stmt"/>
        <line num="161" count="12" type="cond" truecount="2" falsecount="0"/>
        <line num="162" count="6" type="stmt"/>
        <line num="163" count="6" type="stmt"/>
        <line num="164" count="6" type="cond" truecount="2" falsecount="0"/>
        <line num="165" count="4" type="stmt"/>
        <line num="166" count="4" type="stmt"/>
        <line num="167" count="2" type="cond" truecount="1" falsecount="0"/>
        <line num="168" count="2" type="stmt"/>
        <line num="171" count="12" type="stmt"/>
        <line num="172" count="12" type="stmt"/>
        <line num="176" count="1040" type="stmt"/>
        <line num="178" count="1040" type="stmt"/>
        <line num="179" count="1040" type="stmt"/>
        <line num="181" count="1040" type="cond" truecount="2" falsecount="0"/>
        <line num="183" count="4" type="cond" truecount="1" falsecount="1"/>
        <line num="184" count="0" type="stmt"/>
        <line num="185" count="4" type="cond" truecount="1" falsecount="0"/>
        <line num="187" count="1036" type="stmt"/>
        <line num="190" count="1040" type="stmt"/>
        <line num="194" count="1040" type="stmt"/>
        <line num="196" count="1040" type="cond" truecount="2" falsecount="0"/>
        <line num="199" count="1040" type="stmt"/>
        <line num="203" count="4" type="stmt"/>
        <line num="204" count="4" type="stmt"/>
        <line num="205" count="4" type="cond" truecount="3" falsecount="0"/>
        <line num="206" count="4" type="stmt"/>
        <line num="207" count="1" type="cond" truecount="0" falsecount="1"/>
        <line num="208" count="0" type="stmt"/>
        <line num="210" count="1" type="cond" truecount="0" falsecount="1"/>
        <line num="211" count="0" type="stmt"/>
        <line num="212" count="0" type="stmt"/>
        <line num="215" count="1" type="stmt"/>
        <line num="219" count="12" type="stmt"/>
        <line num="220" count="12" type="cond" truecount="3" falsecount="0"/>
        <line num="221" count="12" type="stmt"/>
        <line num="226" count="3" type="stmt"/>
        <line num="236" count="3" type="stmt"/>
        <line num="237" count="6" type="stmt"/>
        <line num="238" count="6" type="stmt"/>
        <line num="239" count="6" type="cond" truecount="0" falsecount="1"/>
        <line num="248" count="0" type="stmt"/>
        <line num="250" count="0" type="cond" truecount="0" falsecount="1"/>
        <line num="251" count="0" type="stmt"/>
        <line num="258" count="1" type="stmt"/>
        <line num="259" count="1" type="stmt"/>
        <line num="261" count="1" type="stmt"/>
        <line num="262" count="4" type="stmt"/>
        <line num="263" count="6" type="stmt"/>
        <line num="264" count="5" type="cond" truecount="3" falsecount="0"/>
        <line num="265" count="3" type="stmt"/>
        <line num="266" count="3" type="stmt"/>
        <line num="271" count="0" type="cond" truecount="0" falsecount="1"/>
        <line num="272" count="0" type="stmt"/>
        <line num="273" count="0" type="stmt"/>
        <line num="274" count="0" type="stmt"/>
        <line num="279" count="0" type="stmt"/>
        <line num="280" count="0" type="stmt"/>
        <line num="281" count="0" type="stmt"/>
        <line num="282" count="0" type="cond" truecount="0" falsecount="1"/>
        <line num="283" count="0" type="stmt"/>
        <line num="288" count="0" type="stmt"/>
        <line num="292" count="0" type="stmt"/>
        <line num="293" count="0" type="stmt"/>
        <line num="294" count="0" type="stmt"/>
        <line num="295" count="0" type="cond" truecount="0" falsecount="3"/>
        <line num="296" count="0" type="stmt"/>
        <line num="298" count="0" type="cond" truecount="0" falsecount="3"/>
        <line num="299" count="0" type="stmt"/>
        <line num="304" count="0" type="stmt"/>
        <line num="307" count="34" type="stmt"/>
        <line num="309" count="8" type="stmt"/>
        <line num="310" count="8" type="stmt"/>
        <line num="311" count="8" type="stmt"/>
        <line num="312" count="8" type="stmt"/>
        <line num="313" count="8" type="stmt"/>
        <line num="315" count="8" type="stmt"/>
        <line num="317" count="8" type="stmt"/>
        <line num="318" count="8" type="stmt"/>
        <line num="319" count="10" type="stmt"/>
        <line num="321" count="8" type="stmt"/>
        <line num="322" count="10" type="stmt"/>
        <line num="323" count="16" type="cond" truecount="1" falsecount="1"/>
        <line num="324" count="16" type="stmt"/>
        <line num="334" count="8" type="stmt"/>
        <line num="335" count="8" type="stmt"/>
        <line num="337" count="8" type="stmt"/>
        <line num="338" count="120" type="cond" truecount="4" falsecount="0"/>
        <line num="340" count="8" type="stmt"/>
        <line num="341" count="15" type="stmt"/>
        <line num="342" count="15" type="stmt"/>
        <line num="343" count="45" type="stmt"/>
        <line num="344" count="135" type="cond" truecount="3" falsecount="0"/>
        <line num="345" count="120" type="stmt"/>
        <line num="346" count="120" type="stmt"/>
        <line num="347" count="120" type="cond" truecount="3" falsecount="0"/>
        <line num="348" count="5" type="stmt"/>
        <line num="352" count="15" type="stmt"/>
        <line num="355" count="8" type="stmt"/>
        <line num="356" count="10" type="stmt"/>
        <line num="357" count="16" type="cond" truecount="1" falsecount="0"/>
        <line num="358" count="15" type="stmt"/>
        <line num="363" count="8" type="stmt"/>
        <line num="370" count="34" type="stmt"/>
        <line num="433" count="10" type="stmt"/>
      </file>
    </package>
    <package name="src.components">
      <metrics statements="53" coveredstatements="42" conditionals="10" coveredconditionals="3" methods="17" coveredmethods="10"/>
      <file name="Difficulty.jsx" path="C:\Users\aegor\Desktop\minesweeper\MineSweeperVITE\src\components\Difficulty.jsx">
        <metrics statements="9" coveredstatements="5" conditionals="0" coveredconditionals="0" methods="5" coveredmethods="1"/>
        <line num="1" count="1" type="stmt"/>
        <line num="2" count="1" type="stmt"/>
        <line num="3" count="1" type="stmt"/>
        <line num="8" count="34" type="stmt"/>
        <line num="11" count="0" type="stmt"/>
        <line num="12" count="0" type="stmt"/>
        <line num="13" count="0" type="stmt"/>
        <line num="14" count="0" type="stmt"/>
        <line num="20" count="34" type="stmt"/>
      </file>
      <file name="FlagsCounter.jsx" path="C:\Users\aegor\Desktop\minesweeper\MineSweeperVITE\src\components\FlagsCounter.jsx">
        <metrics statements="4" coveredstatements="4" conditionals="0" coveredconditionals="0" methods="1" coveredmethods="1"/>
        <line num="1" count="1" type="stmt"/>
        <line num="2" count="1" type="stmt"/>
        <line num="3" count="34" type="stmt"/>
        <line num="9" count="34" type="stmt"/>
      </file>
      <file name="Smiley.jsx" path="C:\Users\aegor\Desktop\minesweeper\MineSweeperVITE\src\components\Smiley.jsx">
        <metrics statements="16" coveredstatements="13" conditionals="5" coveredconditionals="3" methods="3" coveredmethods="2"/>
        <line num="1" count="1" type="stmt"/>
        <line num="2" count="1" type="stmt"/>
        <line num="3" count="1" type="stmt"/>
        <line num="4" count="1" type="stmt"/>
        <line num="7" count="1" type="stmt"/>
        <line num="8" count="42" type="stmt"/>
        <line num="10" count="42" type="stmt"/>
        <line num="11" count="11" type="cond" truecount="1" falsecount="1"/>
        <line num="12" count="0" type="stmt"/>
        <line num="13" count="11" type="cond" truecount="1" falsecount="1"/>
        <line num="14" count="0" type="stmt"/>
        <line num="15" count="11" type="cond" truecount="1" falsecount="0"/>
        <line num="16" count="8" type="stmt"/>
        <line num="20" count="42" type="stmt"/>
        <line num="21" count="0" type="stmt"/>
        <line num="26" count="34" type="stmt"/>
      </file>
      <file name="Square.jsx" path="C:\Users\aegor\Desktop\minesweeper\MineSweeperVITE\src\components\Square.jsx">
        <metrics statements="12" coveredstatements="12" conditionals="0" coveredconditionals="0" methods="3" coveredmethods="3"/>
        <line num="1" count="1" type="stmt"/>
        <line num="2" count="1" type="stmt"/>
        <line num="4" count="1" type="stmt"/>
        <line num="12" count="1040" type="stmt"/>
        <line num="13" count="1040" type="stmt"/>
        <line num="15" count="1040" type="stmt"/>
        <line num="16" count="4" type="stmt"/>
        <line num="19" count="1040" type="stmt"/>
        <line num="20" count="12" type="stmt"/>
        <line num="21" count="12" type="stmt"/>
        <line num="26" count="1040" type="stmt"/>
        <line num="33" count="1040" type="stmt"/>
      </file>
      <file name="TimeCounter.jsx" path="C:\Users\aegor\Desktop\minesweeper\MineSweeperVITE\src\components\TimeCounter.jsx">
        <metrics statements="12" coveredstatements="8" conditionals="5" coveredconditionals="0" methods="5" coveredmethods="3"/>
        <line num="1" count="1" type="stmt"/>
        <line num="3" count="1" type="stmt"/>
        <line num="5" count="34" type="stmt"/>
        <line num="6" count="14" type="stmt"/>
        <line num="7" count="0" type="cond" truecount="0" falsecount="2"/>
        <line num="8" count="0" type="stmt"/>
        <line num="9" count="0" type="cond" truecount="0" falsecount="3"/>
        <line num="10" count="0" type="stmt"/>
        <line num="13" count="14" type="stmt"/>
        <line num="14" count="14" type="stmt"/>
        <line num="17" count="34" type="stmt"/>
        <line num="20" count="34" type="stmt"/>
      </file>
    </package>
  </project>
</coverage>
