{"C:\\Users\\aegor\\Desktop\\minesweeper\\MineSweeperVITE\\src\\App.jsx": {"path":"C:\\Users\\aegor\\Desktop\\minesweeper\\MineSweeperVITE\\src\\App.jsx","statementMap":{"0":{"start":{"line":372,"column":0},"end":{"line":372,"column":15}},"1":{"start":{"line":1,"column":18},"end":{"line":1,"column":null}},"2":{"start":{"line":2,"column":7},"end":{"line":2,"column":null}},"3":{"start":{"line":5,"column":19},"end":{"line":5,"column":null}},"4":{"start":{"line":6,"column":19},"end":{"line":6,"column":null}},"5":{"start":{"line":7,"column":25},"end":{"line":7,"column":null}},"6":{"start":{"line":8,"column":24},"end":{"line":8,"column":null}},"7":{"start":{"line":9,"column":23},"end":{"line":9,"column":null}},"8":{"start":{"line":11,"column":22},"end":{"line":11,"column":null}},"9":{"start":{"line":12,"column":19},"end":{"line":12,"column":null}},"10":{"start":{"line":13,"column":18},"end":{"line":13,"column":null}},"11":{"start":{"line":14,"column":21},"end":{"line":14,"column":null}},"12":{"start":{"line":18,"column":46},"end":{"line":18,"column":null}},"13":{"start":{"line":19,"column":38},"end":{"line":19,"column":null}},"14":{"start":{"line":21,"column":34},"end":{"line":21,"column":null}},"15":{"start":{"line":22,"column":36},"end":{"line":22,"column":null}},"16":{"start":{"line":23,"column":28},"end":{"line":28,"column":null}},"17":{"start":{"line":24,"column":25},"end":{"line":24,"column":null}},"18":{"start":{"line":25,"column":27},"end":{"line":25,"column":null}},"19":{"start":{"line":26,"column":33},"end":{"line":26,"column":null}},"20":{"start":{"line":27,"column":4},"end":{"line":27,"column":null}},"21":{"start":{"line":31,"column":4},"end":{"line":35,"column":null}},"22":{"start":{"line":32,"column":6},"end":{"line":32,"column":null}},"23":{"start":{"line":33,"column":6},"end":{"line":33,"column":null}},"24":{"start":{"line":34,"column":6},"end":{"line":34,"column":null}},"25":{"start":{"line":36,"column":4},"end":{"line":40,"column":null}},"26":{"start":{"line":37,"column":6},"end":{"line":37,"column":null}},"27":{"start":{"line":38,"column":6},"end":{"line":38,"column":null}},"28":{"start":{"line":39,"column":6},"end":{"line":39,"column":null}},"29":{"start":{"line":41,"column":4},"end":{"line":45,"column":null}},"30":{"start":{"line":42,"column":6},"end":{"line":42,"column":null}},"31":{"start":{"line":43,"column":6},"end":{"line":43,"column":null}},"32":{"start":{"line":44,"column":6},"end":{"line":44,"column":null}},"33":{"start":{"line":46,"column":4},"end":{"line":50,"column":null}},"34":{"start":{"line":47,"column":6},"end":{"line":47,"column":null}},"35":{"start":{"line":48,"column":6},"end":{"line":48,"column":null}},"36":{"start":{"line":49,"column":6},"end":{"line":49,"column":null}},"37":{"start":{"line":52,"column":4},"end":{"line":52,"column":null}},"38":{"start":{"line":56,"column":25},"end":{"line":58,"column":null}},"39":{"start":{"line":57,"column":6},"end":{"line":58,"column":null}},"40":{"start":{"line":58,"column":8},"end":{"line":58,"column":null}},"41":{"start":{"line":61,"column":4},"end":{"line":61,"column":null}},"42":{"start":{"line":65,"column":18},"end":{"line":71,"column":null}},"43":{"start":{"line":65,"column":59},"end":{"line":71,"column":null}},"44":{"start":{"line":72,"column":4},"end":{"line":72,"column":null}},"45":{"start":{"line":76,"column":27},"end":{"line":76,"column":null}},"46":{"start":{"line":76,"column":44},"end":{"line":76,"column":null}},"47":{"start":{"line":76,"column":63},"end":{"line":76,"column":null}},"48":{"start":{"line":77,"column":20},"end":{"line":77,"column":null}},"49":{"start":{"line":79,"column":4},"end":{"line":87,"column":null}},"50":{"start":{"line":80,"column":24},"end":{"line":80,"column":null}},"51":{"start":{"line":81,"column":27},"end":{"line":81,"column":null}},"52":{"start":{"line":83,"column":6},"end":{"line":86,"column":null}},"53":{"start":{"line":84,"column":8},"end":{"line":84,"column":null}},"54":{"start":{"line":85,"column":8},"end":{"line":85,"column":null}},"55":{"start":{"line":88,"column":4},"end":{"line":88,"column":null}},"56":{"start":{"line":92,"column":25},"end":{"line":92,"column":37}},"57":{"start":{"line":93,"column":28},"end":{"line":93,"column":43}},"58":{"start":{"line":95,"column":26},"end":{"line":96,"column":null}},"59":{"start":{"line":96,"column":6},"end":{"line":96,"column":null}},"60":{"start":{"line":98,"column":31},"end":{"line":111,"column":null}},"61":{"start":{"line":99,"column":23},"end":{"line":99,"column":null}},"62":{"start":{"line":100,"column":6},"end":{"line":109,"column":null}},"63":{"start":{"line":100,"column":19},"end":{"line":100,"column":23}},"64":{"start":{"line":101,"column":8},"end":{"line":108,"column":null}},"65":{"start":{"line":101,"column":21},"end":{"line":101,"column":25}},"66":{"start":{"line":102,"column":10},"end":{"line":102,"column":null}},"67":{"start":{"line":102,"column":34},"end":{"line":102,"column":null}},"68":{"start":{"line":103,"column":25},"end":{"line":103,"column":null}},"69":{"start":{"line":104,"column":25},"end":{"line":104,"column":null}},"70":{"start":{"line":105,"column":10},"end":{"line":107,"column":null}},"71":{"start":{"line":106,"column":12},"end":{"line":106,"column":null}},"72":{"start":{"line":110,"column":6},"end":{"line":110,"column":null}},"73":{"start":{"line":113,"column":4},"end":{"line":119,"column":null}},"74":{"start":{"line":114,"column":6},"end":{"line":118,"column":null}},"75":{"start":{"line":115,"column":8},"end":{"line":117,"column":null}},"76":{"start":{"line":116,"column":10},"end":{"line":116,"column":null}},"77":{"start":{"line":121,"column":4},"end":{"line":121,"column":null}},"78":{"start":{"line":125,"column":25},"end":{"line":125,"column":null}},"79":{"start":{"line":126,"column":27},"end":{"line":126,"column":null}},"80":{"start":{"line":127,"column":33},"end":{"line":127,"column":null}},"81":{"start":{"line":128,"column":4},"end":{"line":128,"column":null}},"82":{"start":{"line":130,"column":4},"end":{"line":130,"column":null}},"83":{"start":{"line":131,"column":4},"end":{"line":131,"column":null}},"84":{"start":{"line":132,"column":4},"end":{"line":132,"column":null}},"85":{"start":{"line":133,"column":4},"end":{"line":133,"column":null}},"86":{"start":{"line":134,"column":4},"end":{"line":134,"column":null}},"87":{"start":{"line":137,"column":23},"end":{"line":155,"column":null}},"88":{"start":{"line":138,"column":25},"end":{"line":138,"column":null}},"89":{"start":{"line":140,"column":4},"end":{"line":154,"column":null}},"90":{"start":{"line":141,"column":6},"end":{"line":141,"column":null}},"91":{"start":{"line":142,"column":6},"end":{"line":142,"column":null}},"92":{"start":{"line":144,"column":6},"end":{"line":144,"column":null}},"93":{"start":{"line":145,"column":6},"end":{"line":145,"column":null}},"94":{"start":{"line":146,"column":6},"end":{"line":146,"column":null}},"95":{"start":{"line":148,"column":6},"end":{"line":152,"column":null}},"96":{"start":{"line":149,"column":8},"end":{"line":149,"column":null}},"97":{"start":{"line":151,"column":8},"end":{"line":151,"column":null}},"98":{"start":{"line":153,"column":6},"end":{"line":153,"column":null}},"99":{"start":{"line":157,"column":18},"end":{"line":174,"column":null}},"100":{"start":{"line":158,"column":25},"end":{"line":158,"column":null}},"101":{"start":{"line":159,"column":24},"end":{"line":159,"column":54}},"102":{"start":{"line":160,"column":18},"end":{"line":160,"column":null}},"103":{"start":{"line":162,"column":4},"end":{"line":170,"column":null}},"104":{"start":{"line":163,"column":6},"end":{"line":163,"column":null}},"105":{"start":{"line":164,"column":6},"end":{"line":164,"column":null}},"106":{"start":{"line":165,"column":11},"end":{"line":170,"column":null}},"107":{"start":{"line":166,"column":6},"end":{"line":166,"column":null}},"108":{"start":{"line":167,"column":6},"end":{"line":167,"column":null}},"109":{"start":{"line":168,"column":11},"end":{"line":170,"column":null}},"110":{"start":{"line":169,"column":6},"end":{"line":169,"column":null}},"111":{"start":{"line":172,"column":4},"end":{"line":172,"column":null}},"112":{"start":{"line":173,"column":4},"end":{"line":173,"column":null}},"113":{"start":{"line":177,"column":19},"end":{"line":177,"column":37}},"114":{"start":{"line":179,"column":24},"end":{"line":179,"column":null}},"115":{"start":{"line":181,"column":4},"end":{"line":188,"column":null}},"116":{"start":{"line":182,"column":6},"end":{"line":182,"column":null}},"117":{"start":{"line":183,"column":6},"end":{"line":185,"column":null}},"118":{"start":{"line":184,"column":8},"end":{"line":184,"column":null}},"119":{"start":{"line":185,"column":13},"end":{"line":185,"column":null}},"120":{"start":{"line":185,"column":45},"end":{"line":185,"column":65}},"121":{"start":{"line":187,"column":6},"end":{"line":187,"column":null}},"122":{"start":{"line":190,"column":4},"end":{"line":190,"column":null}},"123":{"start":{"line":194,"column":19},"end":{"line":194,"column":37}},"124":{"start":{"line":196,"column":22},"end":{"line":197,"column":41}},"125":{"start":{"line":199,"column":4},"end":{"line":199,"column":null}},"126":{"start":{"line":203,"column":4},"end":{"line":203,"column":null}},"127":{"start":{"line":204,"column":19},"end":{"line":204,"column":37}},"128":{"start":{"line":205,"column":4},"end":{"line":214,"column":null}},"129":{"start":{"line":206,"column":6},"end":{"line":206,"column":null}},"130":{"start":{"line":207,"column":6},"end":{"line":209,"column":null}},"131":{"start":{"line":208,"column":8},"end":{"line":208,"column":null}},"132":{"start":{"line":210,"column":6},"end":{"line":213,"column":null}},"133":{"start":{"line":211,"column":8},"end":{"line":211,"column":null}},"134":{"start":{"line":212,"column":8},"end":{"line":212,"column":null}},"135":{"start":{"line":215,"column":4},"end":{"line":215,"column":null}},"136":{"start":{"line":219,"column":19},"end":{"line":219,"column":37}},"137":{"start":{"line":220,"column":4},"end":{"line":222,"column":null}},"138":{"start":{"line":221,"column":6},"end":{"line":221,"column":null}},"139":{"start":{"line":226,"column":23},"end":{"line":235,"column":null}},"140":{"start":{"line":236,"column":4},"end":{"line":254,"column":null}},"141":{"start":{"line":237,"column":21},"end":{"line":237,"column":40}},"142":{"start":{"line":238,"column":24},"end":{"line":238,"column":49}},"143":{"start":{"line":239,"column":6},"end":{"line":253,"column":null}},"144":{"start":{"line":248,"column":8},"end":{"line":248,"column":null}},"145":{"start":{"line":250,"column":8},"end":{"line":252,"column":null}},"146":{"start":{"line":251,"column":10},"end":{"line":251,"column":null}},"147":{"start":{"line":258,"column":25},"end":{"line":258,"column":null}},"148":{"start":{"line":259,"column":29},"end":{"line":259,"column":null}},"149":{"start":{"line":261,"column":4},"end":{"line":269,"column":null}},"150":{"start":{"line":261,"column":19},"end":{"line":261,"column":22}},"151":{"start":{"line":262,"column":6},"end":{"line":268,"column":null}},"152":{"start":{"line":262,"column":24},"end":{"line":262,"column":27}},"153":{"start":{"line":263,"column":23},"end":{"line":263,"column":48}},"154":{"start":{"line":264,"column":8},"end":{"line":267,"column":null}},"155":{"start":{"line":265,"column":10},"end":{"line":265,"column":null}},"156":{"start":{"line":266,"column":10},"end":{"line":266,"column":null}},"157":{"start":{"line":271,"column":4},"end":{"line":275,"column":null}},"158":{"start":{"line":272,"column":6},"end":{"line":272,"column":null}},"159":{"start":{"line":273,"column":6},"end":{"line":273,"column":null}},"160":{"start":{"line":274,"column":6},"end":{"line":274,"column":null}},"161":{"start":{"line":279,"column":25},"end":{"line":279,"column":null}},"162":{"start":{"line":280,"column":4},"end":{"line":285,"column":null}},"163":{"start":{"line":281,"column":6},"end":{"line":285,"column":null}},"164":{"start":{"line":282,"column":8},"end":{"line":284,"column":null}},"165":{"start":{"line":283,"column":10},"end":{"line":283,"column":null}},"166":{"start":{"line":288,"column":4},"end":{"line":288,"column":null}},"167":{"start":{"line":292,"column":25},"end":{"line":292,"column":null}},"168":{"start":{"line":293,"column":4},"end":{"line":301,"column":null}},"169":{"start":{"line":294,"column":6},"end":{"line":301,"column":null}},"170":{"start":{"line":295,"column":8},"end":{"line":297,"column":null}},"171":{"start":{"line":296,"column":10},"end":{"line":296,"column":null}},"172":{"start":{"line":298,"column":8},"end":{"line":300,"column":null}},"173":{"start":{"line":299,"column":10},"end":{"line":299,"column":null}},"174":{"start":{"line":304,"column":4},"end":{"line":304,"column":null}},"175":{"start":{"line":309,"column":2},"end":{"line":363,"column":null}},"176":{"start":{"line":372,"column":15},"end":{"line":372,"column":null}}},"fnMap":{"0":{"name":"App","decl":{"start":{"line":16,"column":9},"end":{"line":16,"column":null}},"loc":{"start":{"line":16,"column":9},"end":{"line":370,"column":null}}},"1":{"name":"(anonymous_6)","decl":{"start":{"line":23,"column":37},"end":{"line":23,"column":null}},"loc":{"start":{"line":23,"column":37},"end":{"line":28,"column":null}}},"2":{"name":"setGameDifficulty","decl":{"start":{"line":30,"column":11},"end":{"line":30,"column":29}},"loc":{"start":{"line":30,"column":34},"end":{"line":53,"column":null}}},"3":{"name":"selectAllMines","decl":{"start":{"line":55,"column":11},"end":{"line":55,"column":26}},"loc":{"start":{"line":55,"column":31},"end":{"line":62,"column":null}}},"4":{"name":"(anonymous_9)","decl":{"start":{"line":56,"column":35},"end":{"line":56,"column":null}},"loc":{"start":{"line":57,"column":6},"end":{"line":58,"column":null}}},"5":{"name":"(anonymous_10)","decl":{"start":{"line":57,"column":14},"end":{"line":57,"column":null}},"loc":{"start":{"line":58,"column":8},"end":{"line":58,"column":null}}},"6":{"name":"createEmptyBoard","decl":{"start":{"line":64,"column":11},"end":{"line":64,"column":null}},"loc":{"start":{"line":64,"column":11},"end":{"line":73,"column":null}}},"7":{"name":"(anonymous_12)","decl":{"start":{"line":65,"column":53},"end":{"line":65,"column":59}},"loc":{"start":{"line":65,"column":59},"end":{"line":71,"column":null}}},"8":{"name":"addRandomMines","decl":{"start":{"line":75,"column":11},"end":{"line":75,"column":26}},"loc":{"start":{"line":75,"column":44},"end":{"line":89,"column":null}}},"9":{"name":"(anonymous_14)","decl":{"start":{"line":76,"column":37},"end":{"line":76,"column":44}},"loc":{"start":{"line":76,"column":44},"end":{"line":76,"column":null}}},"10":{"name":"(anonymous_15)","decl":{"start":{"line":76,"column":52},"end":{"line":76,"column":63}},"loc":{"start":{"line":76,"column":63},"end":{"line":76,"column":null}}},"11":{"name":"addCounterOfMinesAround","decl":{"start":{"line":91,"column":11},"end":{"line":91,"column":35}},"loc":{"start":{"line":91,"column":40},"end":{"line":122,"column":null}}},"12":{"name":"(anonymous_17)","decl":{"start":{"line":95,"column":26},"end":{"line":95,"column":27}},"loc":{"start":{"line":96,"column":6},"end":{"line":96,"column":null}}},"13":{"name":"(anonymous_18)","decl":{"start":{"line":98,"column":31},"end":{"line":98,"column":32}},"loc":{"start":{"line":98,"column":37},"end":{"line":111,"column":null}}},"14":{"name":"(anonymous_19)","decl":{"start":{"line":113,"column":18},"end":{"line":113,"column":19}},"loc":{"start":{"line":113,"column":24},"end":{"line":119,"column":null}}},"15":{"name":"(anonymous_20)","decl":{"start":{"line":114,"column":18},"end":{"line":114,"column":19}},"loc":{"start":{"line":114,"column":27},"end":{"line":118,"column":null}}},"16":{"name":"newGame","decl":{"start":{"line":124,"column":11},"end":{"line":124,"column":null}},"loc":{"start":{"line":124,"column":11},"end":{"line":135,"column":null}}},"17":{"name":"(anonymous_22)","decl":{"start":{"line":137,"column":23},"end":{"line":137,"column":24}},"loc":{"start":{"line":137,"column":29},"end":{"line":155,"column":null}}},"18":{"name":"(anonymous_23)","decl":{"start":{"line":157,"column":18},"end":{"line":157,"column":19}},"loc":{"start":{"line":157,"column":24},"end":{"line":174,"column":null}}},"19":{"name":"handleSquareDisplay","decl":{"start":{"line":176,"column":11},"end":{"line":176,"column":31}},"loc":{"start":{"line":176,"column":42},"end":{"line":191,"column":null}}},"20":{"name":"handleSquareClassName","decl":{"start":{"line":193,"column":11},"end":{"line":193,"column":33}},"loc":{"start":{"line":193,"column":44},"end":{"line":200,"column":null}}},"21":{"name":"handleSquareLeftClicked","decl":{"start":{"line":202,"column":11},"end":{"line":202,"column":35}},"loc":{"start":{"line":202,"column":46},"end":{"line":216,"column":null}}},"22":{"name":"handleSquareRightClicked","decl":{"start":{"line":218,"column":11},"end":{"line":218,"column":36}},"loc":{"start":{"line":218,"column":47},"end":{"line":223,"column":null}}},"23":{"name":"selectAdjacentSquares","decl":{"start":{"line":225,"column":11},"end":{"line":225,"column":33}},"loc":{"start":{"line":225,"column":51},"end":{"line":255,"column":null}}},"24":{"name":"(anonymous_29)","decl":{"start":{"line":236,"column":23},"end":{"line":236,"column":24}},"loc":{"start":{"line":236,"column":24},"end":{"line":254,"column":null}}},"25":{"name":"checkWin","decl":{"start":{"line":257,"column":11},"end":{"line":257,"column":null}},"loc":{"start":{"line":257,"column":11},"end":{"line":276,"column":null}}},"26":{"name":"flagAllMines","decl":{"start":{"line":278,"column":11},"end":{"line":278,"column":24}},"loc":{"start":{"line":278,"column":29},"end":{"line":289,"column":null}}},"27":{"name":"(anonymous_32)","decl":{"start":{"line":280,"column":21},"end":{"line":280,"column":null}},"loc":{"start":{"line":281,"column":6},"end":{"line":285,"column":null}}},"28":{"name":"(anonymous_33)","decl":{"start":{"line":281,"column":14},"end":{"line":281,"column":null}},"loc":{"start":{"line":281,"column":14},"end":{"line":285,"column":null}}},"29":{"name":"markAllWrongFlags","decl":{"start":{"line":291,"column":11},"end":{"line":291,"column":29}},"loc":{"start":{"line":291,"column":34},"end":{"line":305,"column":null}}},"30":{"name":"(anonymous_35)","decl":{"start":{"line":293,"column":21},"end":{"line":293,"column":null}},"loc":{"start":{"line":294,"column":6},"end":{"line":301,"column":null}}},"31":{"name":"(anonymous_36)","decl":{"start":{"line":294,"column":14},"end":{"line":294,"column":null}},"loc":{"start":{"line":294,"column":14},"end":{"line":301,"column":null}}},"32":{"name":"(anonymous_37)","decl":{"start":{"line":345,"column":21},"end":{"line":345,"column":22}},"loc":{"start":{"line":345,"column":32},"end":{"line":357,"column":null}}}},"branchMap":{"0":{"loc":{"start":{"line":31,"column":4},"end":{"line":35,"column":null}},"type":"if","locations":[{"start":{"line":31,"column":4},"end":{"line":35,"column":null}}]},"1":{"loc":{"start":{"line":36,"column":4},"end":{"line":40,"column":null}},"type":"if","locations":[{"start":{"line":36,"column":4},"end":{"line":40,"column":null}}]},"2":{"loc":{"start":{"line":41,"column":4},"end":{"line":45,"column":null}},"type":"if","locations":[{"start":{"line":41,"column":4},"end":{"line":45,"column":null}}]},"3":{"loc":{"start":{"line":46,"column":4},"end":{"line":50,"column":null}},"type":"if","locations":[{"start":{"line":46,"column":4},"end":{"line":50,"column":null}}]},"4":{"loc":{"start":{"line":58,"column":8},"end":{"line":58,"column":null}},"type":"cond-expr","locations":[{"start":{"line":58,"column":47},"end":{"line":58,"column":81}},{"start":{"line":58,"column":81},"end":{"line":58,"column":null}}]},"5":{"loc":{"start":{"line":58,"column":8},"end":{"line":58,"column":47}},"type":"binary-expr","locations":[{"start":{"line":58,"column":8},"end":{"line":58,"column":22}},{"start":{"line":58,"column":26},"end":{"line":58,"column":47}}]},"6":{"loc":{"start":{"line":83,"column":6},"end":{"line":86,"column":null}},"type":"if","locations":[{"start":{"line":83,"column":6},"end":{"line":86,"column":null}}]},"7":{"loc":{"start":{"line":96,"column":6},"end":{"line":96,"column":null}},"type":"binary-expr","locations":[{"start":{"line":96,"column":6},"end":{"line":96,"column":18}},{"start":{"line":96,"column":18},"end":{"line":96,"column":40}},{"start":{"line":96,"column":40},"end":{"line":96,"column":52}},{"start":{"line":96,"column":52},"end":{"line":96,"column":null}}]},"8":{"loc":{"start":{"line":102,"column":10},"end":{"line":102,"column":null}},"type":"if","locations":[{"start":{"line":102,"column":10},"end":{"line":102,"column":null}}]},"9":{"loc":{"start":{"line":102,"column":14},"end":{"line":102,"column":34}},"type":"binary-expr","locations":[{"start":{"line":102,"column":14},"end":{"line":102,"column":25}},{"start":{"line":102,"column":25},"end":{"line":102,"column":34}}]},"10":{"loc":{"start":{"line":105,"column":10},"end":{"line":107,"column":null}},"type":"if","locations":[{"start":{"line":105,"column":10},"end":{"line":107,"column":null}}]},"11":{"loc":{"start":{"line":105,"column":14},"end":{"line":105,"column":76}},"type":"binary-expr","locations":[{"start":{"line":105,"column":14},"end":{"line":105,"column":47}},{"start":{"line":105,"column":47},"end":{"line":105,"column":76}}]},"12":{"loc":{"start":{"line":115,"column":8},"end":{"line":117,"column":null}},"type":"if","locations":[{"start":{"line":115,"column":8},"end":{"line":117,"column":null}}]},"13":{"loc":{"start":{"line":140,"column":4},"end":{"line":154,"column":null}},"type":"if","locations":[{"start":{"line":140,"column":4},"end":{"line":154,"column":null}},{"start":{"line":147,"column":11},"end":{"line":154,"column":null}}]},"14":{"loc":{"start":{"line":148,"column":6},"end":{"line":152,"column":null}},"type":"if","locations":[{"start":{"line":148,"column":6},"end":{"line":152,"column":null}},{"start":{"line":150,"column":13},"end":{"line":152,"column":null}}]},"15":{"loc":{"start":{"line":162,"column":4},"end":{"line":170,"column":null}},"type":"if","locations":[{"start":{"line":162,"column":4},"end":{"line":170,"column":null}},{"start":{"line":165,"column":11},"end":{"line":170,"column":null}}]},"16":{"loc":{"start":{"line":165,"column":11},"end":{"line":170,"column":null}},"type":"if","locations":[{"start":{"line":165,"column":11},"end":{"line":170,"column":null}},{"start":{"line":168,"column":11},"end":{"line":170,"column":null}}]},"17":{"loc":{"start":{"line":168,"column":11},"end":{"line":170,"column":null}},"type":"if","locations":[{"start":{"line":168,"column":11},"end":{"line":170,"column":null}}]},"18":{"loc":{"start":{"line":181,"column":4},"end":{"line":188,"column":null}},"type":"if","locations":[{"start":{"line":181,"column":4},"end":{"line":188,"column":null}},{"start":{"line":186,"column":11},"end":{"line":188,"column":null}}]},"19":{"loc":{"start":{"line":183,"column":6},"end":{"line":185,"column":null}},"type":"if","locations":[{"start":{"line":183,"column":6},"end":{"line":185,"column":null}},{"start":{"line":185,"column":13},"end":{"line":185,"column":null}}]},"20":{"loc":{"start":{"line":185,"column":13},"end":{"line":185,"column":null}},"type":"if","locations":[{"start":{"line":185,"column":13},"end":{"line":185,"column":null}}]},"21":{"loc":{"start":{"line":196,"column":32},"end":{"line":196,"column":71}},"type":"cond-expr","locations":[{"start":{"line":196,"column":52},"end":{"line":196,"column":68}},{"start":{"line":196,"column":68},"end":{"line":196,"column":71}}]},"22":{"loc":{"start":{"line":197,"column":6},"end":{"line":197,"column":40}},"type":"cond-expr","locations":[{"start":{"line":197,"column":24},"end":{"line":197,"column":37}},{"start":{"line":197,"column":37},"end":{"line":197,"column":40}}]},"23":{"loc":{"start":{"line":205,"column":4},"end":{"line":214,"column":null}},"type":"if","locations":[{"start":{"line":205,"column":4},"end":{"line":214,"column":null}}]},"24":{"loc":{"start":{"line":205,"column":8},"end":{"line":205,"column":39}},"type":"binary-expr","locations":[{"start":{"line":205,"column":8},"end":{"line":205,"column":21}},{"start":{"line":205,"column":21},"end":{"line":205,"column":39}}]},"25":{"loc":{"start":{"line":207,"column":6},"end":{"line":209,"column":null}},"type":"if","locations":[{"start":{"line":207,"column":6},"end":{"line":209,"column":null}}]},"26":{"loc":{"start":{"line":210,"column":6},"end":{"line":213,"column":null}},"type":"if","locations":[{"start":{"line":210,"column":6},"end":{"line":213,"column":null}}]},"27":{"loc":{"start":{"line":220,"column":4},"end":{"line":222,"column":null}},"type":"if","locations":[{"start":{"line":220,"column":4},"end":{"line":222,"column":null}}]},"28":{"loc":{"start":{"line":220,"column":8},"end":{"line":220,"column":39}},"type":"binary-expr","locations":[{"start":{"line":220,"column":8},"end":{"line":220,"column":21}},{"start":{"line":220,"column":21},"end":{"line":220,"column":39}}]},"29":{"loc":{"start":{"line":239,"column":6},"end":{"line":253,"column":null}},"type":"if","locations":[{"start":{"line":239,"column":6},"end":{"line":253,"column":null}}]},"30":{"loc":{"start":{"line":240,"column":8},"end":{"line":246,"column":null}},"type":"binary-expr","locations":[{"start":{"line":240,"column":8},"end":{"line":240,"column":null}},{"start":{"line":241,"column":8},"end":{"line":241,"column":null}},{"start":{"line":242,"column":8},"end":{"line":242,"column":null}},{"start":{"line":243,"column":8},"end":{"line":243,"column":null}},{"start":{"line":244,"column":8},"end":{"line":244,"column":44}},{"start":{"line":245,"column":8},"end":{"line":245,"column":41}},{"start":{"line":246,"column":8},"end":{"line":246,"column":null}}]},"31":{"loc":{"start":{"line":250,"column":8},"end":{"line":252,"column":null}},"type":"if","locations":[{"start":{"line":250,"column":8},"end":{"line":252,"column":null}}]},"32":{"loc":{"start":{"line":264,"column":8},"end":{"line":267,"column":null}},"type":"if","locations":[{"start":{"line":264,"column":8},"end":{"line":267,"column":null}}]},"33":{"loc":{"start":{"line":264,"column":12},"end":{"line":264,"column":49}},"type":"binary-expr","locations":[{"start":{"line":264,"column":12},"end":{"line":264,"column":27}},{"start":{"line":264,"column":31},"end":{"line":264,"column":49}}]},"34":{"loc":{"start":{"line":271,"column":4},"end":{"line":275,"column":null}},"type":"if","locations":[{"start":{"line":271,"column":4},"end":{"line":275,"column":null}}]},"35":{"loc":{"start":{"line":282,"column":8},"end":{"line":284,"column":null}},"type":"if","locations":[{"start":{"line":282,"column":8},"end":{"line":284,"column":null}}]},"36":{"loc":{"start":{"line":295,"column":8},"end":{"line":297,"column":null}},"type":"if","locations":[{"start":{"line":295,"column":8},"end":{"line":297,"column":null}}]},"37":{"loc":{"start":{"line":295,"column":12},"end":{"line":295,"column":52}},"type":"binary-expr","locations":[{"start":{"line":295,"column":12},"end":{"line":295,"column":27}},{"start":{"line":295,"column":31},"end":{"line":295,"column":52}}]},"38":{"loc":{"start":{"line":298,"column":8},"end":{"line":300,"column":null}},"type":"if","locations":[{"start":{"line":298,"column":8},"end":{"line":300,"column":null}}]},"39":{"loc":{"start":{"line":298,"column":12},"end":{"line":298,"column":52}},"type":"binary-expr","locations":[{"start":{"line":298,"column":12},"end":{"line":298,"column":27}},{"start":{"line":298,"column":31},"end":{"line":298,"column":52}}]}},"s":{"0":1,"1":1,"2":1,"3":1,"4":1,"5":1,"6":1,"7":1,"8":1,"9":1,"10":1,"11":1,"12":1,"13":1,"14":1,"15":1,"16":1,"17":1,"18":1,"19":1,"20":1,"21":0,"22":0,"23":0,"24":0,"25":0,"26":0,"27":0,"28":0,"29":0,"30":0,"31":0,"32":0,"33":0,"34":0,"35":0,"36":0,"37":0,"38":0,"39":0,"40":0,"41":0,"42":1,"43":10,"44":1,"45":1,"46":10,"47":100,"48":1,"49":1,"50":11,"51":11,"52":11,"53":10,"54":10,"55":1,"56":1,"57":1,"58":1,"59":720,"60":1,"61":90,"62":90,"63":90,"64":270,"65":270,"66":810,"67":90,"68":720,"69":720,"70":720,"71":67,"72":90,"73":1,"74":10,"75":100,"76":90,"77":1,"78":0,"79":0,"80":0,"81":0,"82":0,"83":0,"84":0,"85":0,"86":0,"87":1,"88":0,"89":0,"90":0,"91":0,"92":0,"93":0,"94":0,"95":0,"96":0,"97":0,"98":0,"99":1,"100":0,"101":0,"102":0,"103":0,"104":0,"105":0,"106":0,"107":0,"108":0,"109":0,"110":0,"111":0,"112":0,"113":100,"114":100,"115":100,"116":0,"117":0,"118":0,"119":0,"120":0,"121":100,"122":100,"123":100,"124":100,"125":100,"126":0,"127":0,"128":0,"129":0,"130":0,"131":0,"132":0,"133":0,"134":0,"135":0,"136":0,"137":0,"138":0,"139":0,"140":0,"141":0,"142":0,"143":0,"144":0,"145":0,"146":0,"147":0,"148":0,"149":0,"150":0,"151":0,"152":0,"153":0,"154":0,"155":0,"156":0,"157":0,"158":0,"159":0,"160":0,"161":0,"162":0,"163":0,"164":0,"165":0,"166":0,"167":0,"168":0,"169":0,"170":0,"171":0,"172":0,"173":0,"174":0,"175":1,"176":1},"f":{"0":1,"1":1,"2":0,"3":0,"4":0,"5":0,"6":1,"7":10,"8":1,"9":10,"10":100,"11":1,"12":720,"13":90,"14":10,"15":100,"16":0,"17":0,"18":0,"19":100,"20":100,"21":0,"22":0,"23":0,"24":0,"25":0,"26":0,"27":0,"28":0,"29":0,"30":0,"31":0,"32":10},"b":{"0":[0],"1":[0],"2":[0],"3":[0],"4":[0,0],"5":[0,0],"6":[10],"7":[720,699,669,641],"8":[90],"9":[810,270],"10":[67],"11":[720,613],"12":[90],"13":[0,0],"14":[0,0],"15":[0,0],"16":[0,0],"17":[0],"18":[0,100],"19":[0,0],"20":[0],"21":[0,100],"22":[0,100],"23":[0],"24":[0,0],"25":[0],"26":[0],"27":[0],"28":[0,0],"29":[0],"30":[0,0,0,0,0,0,0],"31":[0],"32":[0],"33":[0,0],"34":[0],"35":[0],"36":[0],"37":[0,0],"38":[0],"39":[0,0]}}
,"C:\\Users\\aegor\\Desktop\\minesweeper\\MineSweeperVITE\\src\\components\\Difficulty.jsx": {"path":"C:\\Users\\aegor\\Desktop\\minesweeper\\MineSweeperVITE\\src\\components\\Difficulty.jsx","statementMap":{"0":{"start":{"line":20,"column":0},"end":{"line":20,"column":15}},"1":{"start":{"line":1,"column":7},"end":{"line":1,"column":null}},"2":{"start":{"line":2,"column":18},"end":{"line":2,"column":null}},"3":{"start":{"line":3,"column":19},"end":{"line":18,"column":null}},"4":{"start":{"line":8,"column":2},"end":{"line":14,"column":null}},"5":{"start":{"line":11,"column":49},"end":{"line":11,"column":76}},"6":{"start":{"line":12,"column":49},"end":{"line":12,"column":78}},"7":{"start":{"line":13,"column":49},"end":{"line":13,"column":78}},"8":{"start":{"line":14,"column":49},"end":{"line":14,"column":78}},"9":{"start":{"line":20,"column":15},"end":{"line":20,"column":null}}},"fnMap":{"0":{"name":"(anonymous_2)","decl":{"start":{"line":3,"column":19},"end":{"line":3,"column":20}},"loc":{"start":{"line":7,"column":1},"end":{"line":18,"column":null}}},"1":{"name":"(anonymous_3)","decl":{"start":{"line":11,"column":43},"end":{"line":11,"column":49}},"loc":{"start":{"line":11,"column":49},"end":{"line":11,"column":76}}},"2":{"name":"(anonymous_4)","decl":{"start":{"line":12,"column":43},"end":{"line":12,"column":49}},"loc":{"start":{"line":12,"column":49},"end":{"line":12,"column":78}}},"3":{"name":"(anonymous_5)","decl":{"start":{"line":13,"column":43},"end":{"line":13,"column":49}},"loc":{"start":{"line":13,"column":49},"end":{"line":13,"column":78}}},"4":{"name":"(anonymous_6)","decl":{"start":{"line":14,"column":43},"end":{"line":14,"column":49}},"loc":{"start":{"line":14,"column":49},"end":{"line":14,"column":78}}}},"branchMap":{},"s":{"0":1,"1":1,"2":1,"3":1,"4":1,"5":0,"6":0,"7":0,"8":0,"9":1},"f":{"0":1,"1":0,"2":0,"3":0,"4":0},"b":{}}
,"C:\\Users\\aegor\\Desktop\\minesweeper\\MineSweeperVITE\\src\\components\\FlagsCounter.jsx": {"path":"C:\\Users\\aegor\\Desktop\\minesweeper\\MineSweeperVITE\\src\\components\\FlagsCounter.jsx","statementMap":{"0":{"start":{"line":9,"column":0},"end":{"line":9,"column":15}},"1":{"start":{"line":1,"column":18},"end":{"line":1,"column":null}},"2":{"start":{"line":2,"column":21},"end":{"line":7,"column":null}},"3":{"start":{"line":3,"column":2},"end":{"line":5,"column":null}},"4":{"start":{"line":9,"column":15},"end":{"line":9,"column":null}}},"fnMap":{"0":{"name":"(anonymous_2)","decl":{"start":{"line":2,"column":21},"end":{"line":2,"column":22}},"loc":{"start":{"line":2,"column":35},"end":{"line":7,"column":null}}}},"branchMap":{},"s":{"0":1,"1":1,"2":1,"3":1,"4":1},"f":{"0":1},"b":{}}
,"C:\\Users\\aegor\\Desktop\\minesweeper\\MineSweeperVITE\\src\\components\\Smiley.jsx": {"path":"C:\\Users\\aegor\\Desktop\\minesweeper\\MineSweeperVITE\\src\\components\\Smiley.jsx","statementMap":{"0":{"start":{"line":26,"column":0},"end":{"line":26,"column":15}},"1":{"start":{"line":1,"column":18},"end":{"line":1,"column":null}},"2":{"start":{"line":2,"column":19},"end":{"line":2,"column":null}},"3":{"start":{"line":3,"column":24},"end":{"line":3,"column":null}},"4":{"start":{"line":4,"column":22},"end":{"line":4,"column":null}},"5":{"start":{"line":7,"column":15},"end":{"line":25,"column":null}},"6":{"start":{"line":8,"column":38},"end":{"line":8,"column":null}},"7":{"start":{"line":10,"column":2},"end":{"line":18,"column":null}},"8":{"start":{"line":11,"column":4},"end":{"line":17,"column":null}},"9":{"start":{"line":12,"column":6},"end":{"line":12,"column":null}},"10":{"start":{"line":13,"column":11},"end":{"line":17,"column":null}},"11":{"start":{"line":14,"column":6},"end":{"line":14,"column":null}},"12":{"start":{"line":15,"column":11},"end":{"line":17,"column":null}},"13":{"start":{"line":16,"column":6},"end":{"line":16,"column":null}},"14":{"start":{"line":20,"column":2},"end":{"line":22,"column":null}},"15":{"start":{"line":21,"column":43},"end":{"line":21,"column":null}},"16":{"start":{"line":26,"column":15},"end":{"line":26,"column":null}}},"fnMap":{"0":{"name":"(anonymous_5)","decl":{"start":{"line":7,"column":15},"end":{"line":7,"column":16}},"loc":{"start":{"line":7,"column":43},"end":{"line":25,"column":null}}},"1":{"name":"(anonymous_6)","decl":{"start":{"line":10,"column":12},"end":{"line":10,"column":null}},"loc":{"start":{"line":10,"column":12},"end":{"line":18,"column":5}}},"2":{"name":"(anonymous_7)","decl":{"start":{"line":21,"column":37},"end":{"line":21,"column":43}},"loc":{"start":{"line":21,"column":43},"end":{"line":21,"column":null}}}},"branchMap":{"0":{"loc":{"start":{"line":11,"column":4},"end":{"line":17,"column":null}},"type":"if","locations":[{"start":{"line":11,"column":4},"end":{"line":17,"column":null}},{"start":{"line":13,"column":11},"end":{"line":17,"column":null}}]},"1":{"loc":{"start":{"line":13,"column":11},"end":{"line":17,"column":null}},"type":"if","locations":[{"start":{"line":13,"column":11},"end":{"line":17,"column":null}},{"start":{"line":15,"column":11},"end":{"line":17,"column":null}}]},"2":{"loc":{"start":{"line":15,"column":11},"end":{"line":17,"column":null}},"type":"if","locations":[{"start":{"line":15,"column":11},"end":{"line":17,"column":null}}]}},"s":{"0":1,"1":1,"2":1,"3":1,"4":1,"5":1,"6":1,"7":1,"8":1,"9":0,"10":1,"11":0,"12":1,"13":0,"14":1,"15":0,"16":1},"f":{"0":1,"1":1,"2":0},"b":{"0":[0,1],"1":[0,1],"2":[0]}}
,"C:\\Users\\aegor\\Desktop\\minesweeper\\MineSweeperVITE\\src\\components\\Square.jsx": {"path":"C:\\Users\\aegor\\Desktop\\minesweeper\\MineSweeperVITE\\src\\components\\Square.jsx","statementMap":{"0":{"start":{"line":30,"column":0},"end":{"line":30,"column":15}},"1":{"start":{"line":1,"column":18},"end":{"line":1,"column":null}},"2":{"start":{"line":2,"column":7},"end":{"line":2,"column":null}},"3":{"start":{"line":4,"column":15},"end":{"line":28,"column":null}},"4":{"start":{"line":11,"column":20},"end":{"line":11,"column":null}},"5":{"start":{"line":12,"column":22},"end":{"line":12,"column":null}},"6":{"start":{"line":14,"column":26},"end":{"line":16,"column":null}},"7":{"start":{"line":15,"column":4},"end":{"line":15,"column":null}},"8":{"start":{"line":18,"column":27},"end":{"line":21,"column":null}},"9":{"start":{"line":19,"column":4},"end":{"line":19,"column":null}},"10":{"start":{"line":20,"column":4},"end":{"line":20,"column":null}},"11":{"start":{"line":23,"column":2},"end":{"line":25,"column":null}},"12":{"start":{"line":30,"column":15},"end":{"line":30,"column":null}}},"fnMap":{"0":{"name":"(anonymous_2)","decl":{"start":{"line":4,"column":15},"end":{"line":4,"column":16}},"loc":{"start":{"line":10,"column":1},"end":{"line":28,"column":null}}},"1":{"name":"(anonymous_3)","decl":{"start":{"line":14,"column":26},"end":{"line":14,"column":null}},"loc":{"start":{"line":14,"column":26},"end":{"line":16,"column":null}}},"2":{"name":"(anonymous_4)","decl":{"start":{"line":18,"column":27},"end":{"line":18,"column":28}},"loc":{"start":{"line":18,"column":28},"end":{"line":21,"column":null}}}},"branchMap":{},"s":{"0":100,"1":1,"2":1,"3":1,"4":100,"5":100,"6":100,"7":0,"8":100,"9":0,"10":0,"11":100,"12":1},"f":{"0":100,"1":0,"2":0},"b":{}}
,"C:\\Users\\aegor\\Desktop\\minesweeper\\MineSweeperVITE\\src\\components\\TimeCounter.jsx": {"path":"C:\\Users\\aegor\\Desktop\\minesweeper\\MineSweeperVITE\\src\\components\\TimeCounter.jsx","statementMap":{"0":{"start":{"line":20,"column":0},"end":{"line":20,"column":15}},"1":{"start":{"line":1,"column":33},"end":{"line":1,"column":null}},"2":{"start":{"line":3,"column":20},"end":{"line":18,"column":null}},"3":{"start":{"line":5,"column":2},"end":{"line":15,"column":null}},"4":{"start":{"line":6,"column":32},"end":{"line":12,"column":null}},"5":{"start":{"line":7,"column":6},"end":{"line":11,"column":null}},"6":{"start":{"line":8,"column":8},"end":{"line":8,"column":null}},"7":{"start":{"line":9,"column":13},"end":{"line":11,"column":null}},"8":{"start":{"line":10,"column":8},"end":{"line":10,"column":null}},"9":{"start":{"line":10,"column":36},"end":{"line":10,"column":null}},"10":{"start":{"line":13,"column":23},"end":{"line":13,"column":null}},"11":{"start":{"line":14,"column":4},"end":{"line":14,"column":null}},"12":{"start":{"line":14,"column":17},"end":{"line":14,"column":null}},"13":{"start":{"line":17,"column":2},"end":{"line":17,"column":null}},"14":{"start":{"line":20,"column":15},"end":{"line":20,"column":null}}},"fnMap":{"0":{"name":"(anonymous_4)","decl":{"start":{"line":3,"column":20},"end":{"line":3,"column":21}},"loc":{"start":{"line":3,"column":76},"end":{"line":18,"column":null}}},"1":{"name":"(anonymous_5)","decl":{"start":{"line":5,"column":12},"end":{"line":5,"column":null}},"loc":{"start":{"line":5,"column":12},"end":{"line":15,"column":5}}},"2":{"name":"(anonymous_6)","decl":{"start":{"line":6,"column":32},"end":{"line":6,"column":null}},"loc":{"start":{"line":6,"column":32},"end":{"line":12,"column":null}}},"3":{"name":"(anonymous_7)","decl":{"start":{"line":10,"column":22},"end":{"line":10,"column":23}},"loc":{"start":{"line":10,"column":36},"end":{"line":10,"column":null}}},"4":{"name":"(anonymous_8)","decl":{"start":{"line":14,"column":11},"end":{"line":14,"column":17}},"loc":{"start":{"line":14,"column":17},"end":{"line":14,"column":null}}}},"branchMap":{"0":{"loc":{"start":{"line":7,"column":6},"end":{"line":11,"column":null}},"type":"if","locations":[{"start":{"line":7,"column":6},"end":{"line":11,"column":null}},{"start":{"line":9,"column":13},"end":{"line":11,"column":null}}]},"1":{"loc":{"start":{"line":9,"column":13},"end":{"line":11,"column":null}},"type":"if","locations":[{"start":{"line":9,"column":13},"end":{"line":11,"column":null}}]},"2":{"loc":{"start":{"line":9,"column":17},"end":{"line":9,"column":46}},"type":"binary-expr","locations":[{"start":{"line":9,"column":17},"end":{"line":9,"column":35}},{"start":{"line":9,"column":35},"end":{"line":9,"column":46}}]}},"s":{"0":1,"1":1,"2":1,"3":1,"4":1,"5":0,"6":0,"7":0,"8":0,"9":0,"10":1,"11":1,"12":1,"13":1,"14":1},"f":{"0":1,"1":1,"2":0,"3":0,"4":1},"b":{"0":[0,0],"1":[0],"2":[0,0]}}
}
