TN:
SF:src\App.jsx
FN:16,App
FN:23,(anonymous_6)
FN:30,setGameDifficulty
FN:55,selectAllMines
FN:56,(anonymous_9)
FN:57,(anonymous_10)
FN:64,createEmptyBoard
FN:65,(anonymous_12)
FN:75,addRandomMines
FN:76,(anonymous_14)
FN:76,(anonymous_15)
FN:91,addCounterOfMinesAround
FN:95,(anonymous_17)
FN:98,(anonymous_18)
FN:113,(anonymous_19)
FN:114,(anonymous_20)
FN:124,newGame
FN:137,(anonymous_22)
FN:156,(anonymous_23)
FN:175,handleSquareDisplay
FN:193,handleSquareClassName
FN:202,handleSquareLeftClicked
FN:218,handleSquareRightClicked
FN:225,selectAdjacentSquares
FN:236,(anonymous_29)
FN:257,checkWin
FN:278,flagAllMines
FN:280,(anonymous_32)
FN:281,(anonymous_33)
FN:291,markAllWrongFlags
FN:293,(anonymous_35)
FN:294,(anonymous_36)
FN:307,(anonymous_37)
FN:319,(anonymous_38)
FN:321,(anonymous_39)
FN:322,(anonymous_40)
FN:337,(anonymous_41)
FN:340,(anonymous_42)
FN:355,(anonymous_43)
FN:356,(anonymous_44)
FN:402,(anonymous_45)
FNF:41
FNH:30
FNDA:34,App
FNDA:10,(anonymous_6)
FNDA:0,setGameDifficulty
FNDA:0,selectAllMines
FNDA:0,(anonymous_9)
FNDA:0,(anonymous_10)
FNDA:10,createEmptyBoard
FNDA:100,(anonymous_12)
FNDA:10,addRandomMines
FNDA:100,(anonymous_14)
FNDA:1000,(anonymous_15)
FNDA:10,addCounterOfMinesAround
FNDA:7200,(anonymous_17)
FNDA:900,(anonymous_18)
FNDA:100,(anonymous_19)
FNDA:1000,(anonymous_20)
FNDA:0,newGame
FNDA:4,(anonymous_22)
FNDA:12,(anonymous_23)
FNDA:1040,handleSquareDisplay
FNDA:1040,handleSquareClassName
FNDA:4,handleSquareLeftClicked
FNDA:12,handleSquareRightClicked
FNDA:3,selectAdjacentSquares
FNDA:6,(anonymous_29)
FNDA:1,checkWin
FNDA:0,flagAllMines
FNDA:0,(anonymous_32)
FNDA:0,(anonymous_33)
FNDA:0,markAllWrongFlags
FNDA:0,(anonymous_35)
FNDA:0,(anonymous_36)
FNDA:8,(anonymous_37)
FNDA:10,(anonymous_38)
FNDA:10,(anonymous_39)
FNDA:16,(anonymous_40)
FNDA:120,(anonymous_41)
FNDA:15,(anonymous_42)
FNDA:10,(anonymous_43)
FNDA:16,(anonymous_44)
FNDA:128,(anonymous_45)
DA:1,1
DA:2,1
DA:5,1
DA:6,1
DA:7,1
DA:8,1
DA:9,1
DA:11,1
DA:12,1
DA:13,1
DA:14,1
DA:18,34
DA:19,34
DA:21,34
DA:22,34
DA:23,34
DA:24,10
DA:25,10
DA:26,10
DA:27,10
DA:31,0
DA:32,0
DA:33,0
DA:34,0
DA:36,0
DA:37,0
DA:38,0
DA:39,0
DA:41,0
DA:42,0
DA:43,0
DA:44,0
DA:46,0
DA:47,0
DA:48,0
DA:49,0
DA:52,0
DA:56,0
DA:57,0
DA:58,0
DA:61,0
DA:65,100
DA:72,10
DA:76,1000
DA:77,10
DA:79,10
DA:80,105
DA:81,105
DA:83,105
DA:84,100
DA:85,100
DA:88,10
DA:92,10
DA:93,10
DA:95,10
DA:96,7200
DA:98,10
DA:99,900
DA:100,900
DA:101,2700
DA:102,8100
DA:103,7200
DA:104,7200
DA:105,7200
DA:106,617
DA:110,900
DA:113,10
DA:114,100
DA:115,1000
DA:116,900
DA:121,10
DA:125,0
DA:126,0
DA:127,0
DA:128,0
DA:130,0
DA:131,0
DA:132,0
DA:133,0
DA:134,0
DA:137,34
DA:138,4
DA:140,4
DA:141,0
DA:142,0
DA:144,0
DA:145,0
DA:146,0
DA:148,4
DA:149,4
DA:150,3
DA:152,1
DA:156,34
DA:157,12
DA:158,12
DA:159,12
DA:161,12
DA:162,6
DA:163,6
DA:164,6
DA:165,4
DA:166,4
DA:167,2
DA:168,2
DA:171,12
DA:172,12
DA:176,1040
DA:178,1040
DA:179,1040
DA:181,1040
DA:183,4
DA:184,0
DA:185,4
DA:187,1036
DA:190,1040
DA:194,1040
DA:196,1040
DA:199,1040
DA:203,4
DA:204,4
DA:205,4
DA:206,4
DA:207,1
DA:208,0
DA:210,1
DA:211,0
DA:212,0
DA:215,1
DA:219,12
DA:220,12
DA:221,12
DA:226,3
DA:236,3
DA:237,6
DA:238,6
DA:239,6
DA:248,0
DA:250,0
DA:251,0
DA:258,1
DA:259,1
DA:261,1
DA:262,4
DA:263,6
DA:264,5
DA:265,3
DA:266,3
DA:271,0
DA:272,0
DA:273,0
DA:274,0
DA:279,0
DA:280,0
DA:281,0
DA:282,0
DA:283,0
DA:288,0
DA:292,0
DA:293,0
DA:294,0
DA:295,0
DA:296,0
DA:298,0
DA:299,0
DA:304,0
DA:307,34
DA:309,8
DA:310,8
DA:311,8
DA:312,8
DA:313,8
DA:315,8
DA:317,8
DA:318,8
DA:319,10
DA:321,8
DA:322,10
DA:323,16
DA:324,16
DA:334,8
DA:335,8
DA:337,8
DA:338,120
DA:340,8
DA:341,15
DA:342,15
DA:343,45
DA:344,135
DA:345,120
DA:346,120
DA:347,120
DA:348,5
DA:352,15
DA:355,8
DA:356,10
DA:357,16
DA:358,15
DA:363,8
DA:370,34
DA:433,10
LF:200
LH:140
BRDA:31,0,0,0
BRDA:36,1,0,0
BRDA:41,2,0,0
BRDA:46,3,0,0
BRDA:58,4,0,0
BRDA:58,4,1,0
BRDA:58,5,0,0
BRDA:58,5,1,0
BRDA:83,6,0,100
BRDA:96,7,0,7200
BRDA:96,7,1,6927
BRDA:96,7,2,6672
BRDA:96,7,3,6423
BRDA:102,8,0,900
BRDA:102,9,0,8100
BRDA:102,9,1,2700
BRDA:105,10,0,617
BRDA:105,11,0,7200
BRDA:105,11,1,6163
BRDA:115,12,0,900
BRDA:140,13,0,0
BRDA:140,13,1,4
BRDA:149,14,0,3
BRDA:161,15,0,6
BRDA:161,15,1,6
BRDA:164,16,0,4
BRDA:164,16,1,2
BRDA:167,17,0,2
BRDA:181,18,0,4
BRDA:181,18,1,1036
BRDA:183,19,0,0
BRDA:183,19,1,4
BRDA:185,20,0,3
BRDA:196,21,0,4
BRDA:196,21,1,1036
BRDA:197,22,0,0
BRDA:197,22,1,1040
BRDA:205,23,0,4
BRDA:205,24,0,4
BRDA:205,24,1,4
BRDA:207,25,0,0
BRDA:210,26,0,0
BRDA:220,27,0,12
BRDA:220,28,0,12
BRDA:220,28,1,12
BRDA:239,29,0,0
BRDA:240,30,0,6
BRDA:240,30,1,3
BRDA:240,30,2,3
BRDA:240,30,3,3
BRDA:240,30,4,3
BRDA:240,30,5,0
BRDA:240,30,6,0
BRDA:250,31,0,0
BRDA:264,32,0,3
BRDA:264,33,0,5
BRDA:264,33,1,4
BRDA:271,34,0,0
BRDA:282,35,0,0
BRDA:295,36,0,0
BRDA:295,37,0,0
BRDA:295,37,1,0
BRDA:298,38,0,0
BRDA:298,39,0,0
BRDA:298,39,1,0
BRDA:323,40,0,16
BRDA:323,40,1,0
BRDA:338,41,0,120
BRDA:338,41,1,90
BRDA:338,41,2,60
BRDA:338,41,3,49
BRDA:344,42,0,15
BRDA:344,43,0,135
BRDA:344,43,1,45
BRDA:347,44,0,5
BRDA:347,45,0,120
BRDA:347,45,1,35
BRDA:357,46,0,15
BRF:78
BRH:52
end_of_record
TN:
SF:src\components\Difficulty.jsx
FN:3,(anonymous_2)
FN:11,(anonymous_3)
FN:12,(anonymous_4)
FN:13,(anonymous_5)
FN:14,(anonymous_6)
FNF:5
FNH:1
FNDA:34,(anonymous_2)
FNDA:0,(anonymous_3)
FNDA:0,(anonymous_4)
FNDA:0,(anonymous_5)
FNDA:0,(anonymous_6)
DA:1,1
DA:2,1
DA:3,1
DA:8,34
DA:11,0
DA:12,0
DA:13,0
DA:14,0
DA:20,34
LF:9
LH:5
BRF:0
BRH:0
end_of_record
TN:
SF:src\components\FlagsCounter.jsx
FN:2,(anonymous_2)
FNF:1
FNH:1
FNDA:34,(anonymous_2)
DA:1,1
DA:2,1
DA:3,34
DA:9,34
LF:4
LH:4
BRF:0
BRH:0
end_of_record
TN:
SF:src\components\Smiley.jsx
FN:7,(anonymous_5)
FN:10,(anonymous_6)
FN:21,(anonymous_7)
FNF:3
FNH:2
FNDA:42,(anonymous_5)
FNDA:11,(anonymous_6)
FNDA:0,(anonymous_7)
DA:1,1
DA:2,1
DA:3,1
DA:4,1
DA:7,1
DA:8,42
DA:10,42
DA:11,11
DA:12,0
DA:13,11
DA:14,0
DA:15,11
DA:16,8
DA:20,42
DA:21,0
DA:26,34
LF:16
LH:13
BRDA:11,0,0,0
BRDA:11,0,1,11
BRDA:13,1,0,0
BRDA:13,1,1,11
BRDA:15,2,0,8
BRF:5
BRH:3
end_of_record
TN:
SF:src\components\Square.jsx
FN:4,(anonymous_2)
FN:15,(anonymous_3)
FN:19,(anonymous_4)
FNF:3
FNH:3
FNDA:1040,(anonymous_2)
FNDA:4,(anonymous_3)
FNDA:12,(anonymous_4)
DA:1,1
DA:2,1
DA:4,1
DA:12,1040
DA:13,1040
DA:15,1040
DA:16,4
DA:19,1040
DA:20,12
DA:21,12
DA:26,1040
DA:33,1040
LF:12
LH:12
BRF:0
BRH:0
end_of_record
TN:
SF:src\components\TimeCounter.jsx
FN:3,(anonymous_4)
FN:5,(anonymous_5)
FN:6,(anonymous_6)
FN:10,(anonymous_7)
FN:14,(anonymous_8)
FNF:5
FNH:3
FNDA:34,(anonymous_4)
FNDA:14,(anonymous_5)
FNDA:0,(anonymous_6)
FNDA:0,(anonymous_7)
FNDA:14,(anonymous_8)
DA:1,1
DA:3,1
DA:5,34
DA:6,14
DA:7,0
DA:8,0
DA:9,0
DA:10,0
DA:13,14
DA:14,14
DA:17,34
DA:20,34
LF:12
LH:8
BRDA:7,0,0,0
BRDA:7,0,1,0
BRDA:9,1,0,0
BRDA:9,2,0,0
BRDA:9,2,1,0
BRF:5
BRH:0
end_of_record
