TN:
SF:src\App.jsx
FN:16,App
FN:23,(anonymous_6)
FN:30,setGameDifficulty
FN:55,selectAllMines
FN:56,(anonymous_9)
FN:57,(anonymous_10)
FN:64,createEmptyBoard
FN:65,(anonymous_12)
FN:75,addRandomMines
FN:76,(anonymous_14)
FN:76,(anonymous_15)
FN:91,addCounterOfMinesAround
FN:95,(anonymous_17)
FN:98,(anonymous_18)
FN:113,(anonymous_19)
FN:114,(anonymous_20)
FN:124,newGame
FN:137,(anonymous_22)
FN:157,(anonymous_23)
FN:176,handleSquareDisplay
FN:193,handleSquareClassName
FN:202,handleSquareLeftClicked
FN:218,handleSquareRightClicked
FN:225,selectAdjacentSquares
FN:236,(anonymous_29)
FN:257,checkWin
FN:278,flagAllMines
FN:280,(anonymous_32)
FN:281,(anonymous_33)
FN:291,markAllWrongFlags
FN:293,(anonymous_35)
FN:294,(anonymous_36)
FN:345,(anonymous_37)
FNF:33
FNH:15
FNDA:1,App
FNDA:1,(anonymous_6)
FNDA:0,setGameDifficulty
FNDA:0,selectAllMines
FNDA:0,(anonymous_9)
FNDA:0,(anonymous_10)
FNDA:1,createEmptyBoard
FNDA:10,(anonymous_12)
FNDA:1,addRandomMines
FNDA:10,(anonymous_14)
FNDA:100,(anonymous_15)
FNDA:1,addCounterOfMinesAround
FNDA:720,(anonymous_17)
FNDA:90,(anonymous_18)
FNDA:10,(anonymous_19)
FNDA:100,(anonymous_20)
FNDA:0,newGame
FNDA:0,(anonymous_22)
FNDA:0,(anonymous_23)
FNDA:100,handleSquareDisplay
FNDA:100,handleSquareClassName
FNDA:0,handleSquareLeftClicked
FNDA:0,handleSquareRightClicked
FNDA:0,selectAdjacentSquares
FNDA:0,(anonymous_29)
FNDA:0,checkWin
FNDA:0,flagAllMines
FNDA:0,(anonymous_32)
FNDA:0,(anonymous_33)
FNDA:0,markAllWrongFlags
FNDA:0,(anonymous_35)
FNDA:0,(anonymous_36)
FNDA:10,(anonymous_37)
DA:1,1
DA:2,1
DA:5,1
DA:6,1
DA:7,1
DA:8,1
DA:9,1
DA:11,1
DA:12,1
DA:13,1
DA:14,1
DA:18,1
DA:19,1
DA:21,1
DA:22,1
DA:23,1
DA:24,1
DA:25,1
DA:26,1
DA:27,1
DA:31,0
DA:32,0
DA:33,0
DA:34,0
DA:36,0
DA:37,0
DA:38,0
DA:39,0
DA:41,0
DA:42,0
DA:43,0
DA:44,0
DA:46,0
DA:47,0
DA:48,0
DA:49,0
DA:52,0
DA:56,0
DA:57,0
DA:58,0
DA:61,0
DA:65,10
DA:72,1
DA:76,100
DA:77,1
DA:79,1
DA:80,11
DA:81,11
DA:83,11
DA:84,10
DA:85,10
DA:88,1
DA:92,1
DA:93,1
DA:95,1
DA:96,720
DA:98,1
DA:99,90
DA:100,90
DA:101,270
DA:102,810
DA:103,720
DA:104,720
DA:105,720
DA:106,67
DA:110,90
DA:113,1
DA:114,10
DA:115,100
DA:116,90
DA:121,1
DA:125,0
DA:126,0
DA:127,0
DA:128,0
DA:130,0
DA:131,0
DA:132,0
DA:133,0
DA:134,0
DA:137,1
DA:138,0
DA:140,0
DA:141,0
DA:142,0
DA:144,0
DA:145,0
DA:146,0
DA:148,0
DA:149,0
DA:151,0
DA:153,0
DA:157,1
DA:158,0
DA:159,0
DA:160,0
DA:162,0
DA:163,0
DA:164,0
DA:165,0
DA:166,0
DA:167,0
DA:168,0
DA:169,0
DA:172,0
DA:173,0
DA:177,100
DA:179,100
DA:181,100
DA:182,0
DA:183,0
DA:184,0
DA:185,0
DA:187,100
DA:190,100
DA:194,100
DA:196,100
DA:199,100
DA:203,0
DA:204,0
DA:205,0
DA:206,0
DA:207,0
DA:208,0
DA:210,0
DA:211,0
DA:212,0
DA:215,0
DA:219,0
DA:220,0
DA:221,0
DA:226,0
DA:236,0
DA:237,0
DA:238,0
DA:239,0
DA:248,0
DA:250,0
DA:251,0
DA:258,0
DA:259,0
DA:261,0
DA:262,0
DA:263,0
DA:264,0
DA:265,0
DA:266,0
DA:271,0
DA:272,0
DA:273,0
DA:274,0
DA:279,0
DA:280,0
DA:281,0
DA:282,0
DA:283,0
DA:288,0
DA:292,0
DA:293,0
DA:294,0
DA:295,0
DA:296,0
DA:298,0
DA:299,0
DA:304,0
DA:309,1
DA:372,1
LF:167
LH:62
BRDA:31,0,0,0
BRDA:36,1,0,0
BRDA:41,2,0,0
BRDA:46,3,0,0
BRDA:58,4,0,0
BRDA:58,4,1,0
BRDA:58,5,0,0
BRDA:58,5,1,0
BRDA:83,6,0,10
BRDA:96,7,0,720
BRDA:96,7,1,699
BRDA:96,7,2,669
BRDA:96,7,3,641
BRDA:102,8,0,90
BRDA:102,9,0,810
BRDA:102,9,1,270
BRDA:105,10,0,67
BRDA:105,11,0,720
BRDA:105,11,1,613
BRDA:115,12,0,90
BRDA:140,13,0,0
BRDA:140,13,1,0
BRDA:148,14,0,0
BRDA:148,14,1,0
BRDA:162,15,0,0
BRDA:162,15,1,0
BRDA:165,16,0,0
BRDA:165,16,1,0
BRDA:168,17,0,0
BRDA:181,18,0,0
BRDA:181,18,1,100
BRDA:183,19,0,0
BRDA:183,19,1,0
BRDA:185,20,0,0
BRDA:196,21,0,0
BRDA:196,21,1,100
BRDA:197,22,0,0
BRDA:197,22,1,100
BRDA:205,23,0,0
BRDA:205,24,0,0
BRDA:205,24,1,0
BRDA:207,25,0,0
BRDA:210,26,0,0
BRDA:220,27,0,0
BRDA:220,28,0,0
BRDA:220,28,1,0
BRDA:239,29,0,0
BRDA:240,30,0,0
BRDA:240,30,1,0
BRDA:240,30,2,0
BRDA:240,30,3,0
BRDA:240,30,4,0
BRDA:240,30,5,0
BRDA:240,30,6,0
BRDA:250,31,0,0
BRDA:264,32,0,0
BRDA:264,33,0,0
BRDA:264,33,1,0
BRDA:271,34,0,0
BRDA:282,35,0,0
BRDA:295,36,0,0
BRDA:295,37,0,0
BRDA:295,37,1,0
BRDA:298,38,0,0
BRDA:298,39,0,0
BRDA:298,39,1,0
BRF:66
BRH:15
end_of_record
TN:
SF:src\components\Difficulty.jsx
FN:3,(anonymous_2)
FN:11,(anonymous_3)
FN:12,(anonymous_4)
FN:13,(anonymous_5)
FN:14,(anonymous_6)
FNF:5
FNH:1
FNDA:1,(anonymous_2)
FNDA:0,(anonymous_3)
FNDA:0,(anonymous_4)
FNDA:0,(anonymous_5)
FNDA:0,(anonymous_6)
DA:1,1
DA:2,1
DA:3,1
DA:8,1
DA:11,0
DA:12,0
DA:13,0
DA:14,0
DA:20,1
LF:9
LH:5
BRF:0
BRH:0
end_of_record
TN:
SF:src\components\FlagsCounter.jsx
FN:2,(anonymous_2)
FNF:1
FNH:1
FNDA:1,(anonymous_2)
DA:1,1
DA:2,1
DA:3,1
DA:9,1
LF:4
LH:4
BRF:0
BRH:0
end_of_record
TN:
SF:src\components\Smiley.jsx
FN:7,(anonymous_5)
FN:10,(anonymous_6)
FN:21,(anonymous_7)
FNF:3
FNH:2
FNDA:1,(anonymous_5)
FNDA:1,(anonymous_6)
FNDA:0,(anonymous_7)
DA:1,1
DA:2,1
DA:3,1
DA:4,1
DA:7,1
DA:8,1
DA:10,1
DA:11,1
DA:12,0
DA:13,1
DA:14,0
DA:15,1
DA:16,0
DA:20,1
DA:21,0
DA:26,1
LF:16
LH:12
BRDA:11,0,0,0
BRDA:11,0,1,1
BRDA:13,1,0,0
BRDA:13,1,1,1
BRDA:15,2,0,0
BRF:5
BRH:2
end_of_record
TN:
SF:src\components\Square.jsx
FN:4,(anonymous_2)
FN:14,(anonymous_3)
FN:18,(anonymous_4)
FNF:3
FNH:1
FNDA:100,(anonymous_2)
FNDA:0,(anonymous_3)
FNDA:0,(anonymous_4)
DA:1,1
DA:2,1
DA:4,1
DA:11,100
DA:12,100
DA:14,100
DA:15,0
DA:18,100
DA:19,0
DA:20,0
DA:23,100
DA:30,100
LF:12
LH:9
BRF:0
BRH:0
end_of_record
TN:
SF:src\components\TimeCounter.jsx
FN:3,(anonymous_4)
FN:5,(anonymous_5)
FN:6,(anonymous_6)
FN:10,(anonymous_7)
FN:14,(anonymous_8)
FNF:5
FNH:3
FNDA:1,(anonymous_4)
FNDA:1,(anonymous_5)
FNDA:0,(anonymous_6)
FNDA:0,(anonymous_7)
FNDA:1,(anonymous_8)
DA:1,1
DA:3,1
DA:5,1
DA:6,1
DA:7,0
DA:8,0
DA:9,0
DA:10,0
DA:13,1
DA:14,1
DA:17,1
DA:20,1
LF:12
LH:8
BRDA:7,0,0,0
BRDA:7,0,1,0
BRDA:9,1,0,0
BRDA:9,2,0,0
BRDA:9,2,1,0
BRF:5
BRH:0
end_of_record
